Kani Rust Verifier 0.67.0 (cargo plugin)
warning: unused import: `Result`
 --> crates/elicitation_derive/src/contract_type.rs:9:62
  |
9 | use syn::{parse_macro_input, Expr, ExprLit, Item, Lit, Meta, Result};
  |                                                              ^^^^^^
  |
  = note: `#[warn(unused_imports)]` (part of `#[warn(unused)]`) on by default

warning: unused import: `Parse`
 --> crates/elicitation_derive/src/contract_type.rs:8:18
  |
8 | use syn::parse::{Parse, ParseStream, Parser};
  |                  ^^^^^

warning: function `generate_enum_verification` is never used
  --> crates/elicitation_derive/src/verification/mod.rs:22:8
   |
22 | pub fn generate_enum_verification(
   |        ^^^^^^^^^^^^^^^^^^^^^^^^^^
   |
   = note: `#[warn(dead_code)]` (part of `#[warn(unused)]`) on by default

warning: function `generate_kani_enum_verification` is never used
  --> crates/elicitation_derive/src/verification/kani.rs:27:8
   |
27 | pub fn generate_kani_enum_verification(
   |        ^^^^^^^^^^^^^^^^^^^^^^^^^^^^^^^

warning: unexpected `cfg` condition name: `kani`
  --> crates/elicitation_macros/src/lib.rs:47:11
   |
47 |     #[cfg(kani)]
   |           ^^^^
   |
   = help: expected names are: `docsrs`, `feature`, and `test` and 31 more
   = help: consider using a Cargo feature instead
   = help: or consider adding in `Cargo.toml` the `check-cfg` lint config for the lint:
            [lints.rust]
            unexpected_cfgs = { level = "warn", check-cfg = ['cfg(kani)'] }
   = help: or consider adding `println!("cargo::rustc-check-cfg=cfg(kani)");` to the top of the `build.rs`
   = note: see <https://doc.rust-lang.org/nightly/rustc/check-cfg/cargo-specifics.html> for more information about checking conditional configuration
   = note: `#[warn(unexpected_cfgs)]` on by default

warning: unexpected `cfg` condition name: `kani`
  --> crates/elicitation_macros/src/lib.rs:53:15
   |
53 |     #[cfg(not(kani))]
   |               ^^^^
   |
   = help: consider using a Cargo feature instead
   = help: or consider adding in `Cargo.toml` the `check-cfg` lint config for the lint:
            [lints.rust]
            unexpected_cfgs = { level = "warn", check-cfg = ['cfg(kani)'] }
   = help: or consider adding `println!("cargo::rustc-check-cfg=cfg(kani)");` to the top of the `build.rs`
   = note: see <https://doc.rust-lang.org/nightly/rustc/check-cfg/cargo-specifics.html> for more information about checking conditional configuration

   Compiling elicitation v0.4.3 (/home/erik/repos/elicitation/crates/elicitation)
error[E0425]: cannot find function `assert` in module `kani`
   --> crates/elicitation/src/verification/mod.rs:910:9
    |
910 |         assert!(verifier.check_precondition(&input));
    |         ^^^^^^^^^^^^^^^^^^^^^^^^^^^^^^^^^^^^^^^^^^^^ not found in `kani`
    |
    = note: this error originates in the macro `assert` (in Nightly builds, run with -Z macro-backtrace for more info)
help: consider importing this function
    |
902 +     use kani::assert;
    |

error[E0425]: cannot find function `assert` in module `kani`
   --> crates/elicitation/src/verification/mod.rs:911:9
    |
911 |         assert!(verifier.check_postcondition(&input, &input));
    |         ^^^^^^^^^^^^^^^^^^^^^^^^^^^^^^^^^^^^^^^^^^^^^^^^^^^^^ not found in `kani`
    |
    = note: this error originates in the macro `assert` (in Nightly builds, run with -Z macro-backtrace for more info)
help: consider importing this function
    |
902 +     use kani::assert;
    |

error[E0425]: cannot find function `assert` in module `kani`
   --> crates/elicitation/src/verification/mod.rs:912:9
    |
912 |         assert!(verifier.check_invariant());
    |         ^^^^^^^^^^^^^^^^^^^^^^^^^^^^^^^^^^^ not found in `kani`
    |
    = note: this error originates in the macro `assert` (in Nightly builds, run with -Z macro-backtrace for more info)
help: consider importing this function
    |
902 +     use kani::assert;
    |

error[E0425]: cannot find function `assert` in module `kani`
   --> crates/elicitation/src/verification/mod.rs:915:9
    |
915 |         assert!(result.is_ok());
    |         ^^^^^^^^^^^^^^^^^^^^^^^ not found in `kani`
    |
    = note: this error originates in the macro `assert` (in Nightly builds, run with -Z macro-backtrace for more info)
help: consider importing this function
    |
902 +     use kani::assert;
    |

error[E0425]: cannot find function `assert` in module `kani`
   --> crates/elicitation/src/verification/mod.rs:916:9
    |
916 |         assert_eq!(result.unwrap(), "hello");
    |         ^^^^^^^^^^^^^^^^^^^^^^^^^^^^^^^^^^^^ not found in `kani`
    |
    = note: this error originates in the macro `assert_eq` (in Nightly builds, run with -Z macro-backtrace for more info)
help: consider importing this function
    |
902 +     use kani::assert;
    |

error[E0425]: cannot find function `assert` in module `kani`
   --> crates/elicitation/src/verification/mod.rs:924:9
    |
924 |         assert!(verifier.check_precondition(&input));
    |         ^^^^^^^^^^^^^^^^^^^^^^^^^^^^^^^^^^^^^^^^^^^^ not found in `kani`
    |
    = note: this error originates in the macro `assert` (in Nightly builds, run with -Z macro-backtrace for more info)
help: consider importing this function
    |
902 +     use kani::assert;
    |

error[E0425]: cannot find function `assert` in module `kani`
   --> crates/elicitation/src/verification/mod.rs:925:9
    |
925 |         assert!(verifier.check_postcondition(&input, &input));
    |         ^^^^^^^^^^^^^^^^^^^^^^^^^^^^^^^^^^^^^^^^^^^^^^^^^^^^^ not found in `kani`
    |
    = note: this error originates in the macro `assert` (in Nightly builds, run with -Z macro-backtrace for more info)
help: consider importing this function
    |
902 +     use kani::assert;
    |

error[E0425]: cannot find function `assert` in module `kani`
   --> crates/elicitation/src/verification/mod.rs:926:9
    |
926 |         assert!(verifier.check_invariant());
    |         ^^^^^^^^^^^^^^^^^^^^^^^^^^^^^^^^^^^ not found in `kani`
    |
    = note: this error originates in the macro `assert` (in Nightly builds, run with -Z macro-backtrace for more info)
help: consider importing this function
    |
902 +     use kani::assert;
    |

error[E0425]: cannot find function `assert` in module `kani`
   --> crates/elicitation/src/verification/mod.rs:929:9
    |
929 |         assert!(result.is_ok());
    |         ^^^^^^^^^^^^^^^^^^^^^^^ not found in `kani`
    |
    = note: this error originates in the macro `assert` (in Nightly builds, run with -Z macro-backtrace for more info)
help: consider importing this function
    |
902 +     use kani::assert;
    |

error[E0425]: cannot find function `assert` in module `kani`
   --> crates/elicitation/src/verification/mod.rs:930:9
    |
930 |         assert_eq!(result.unwrap(), 42);
    |         ^^^^^^^^^^^^^^^^^^^^^^^^^^^^^^^ not found in `kani`
    |
    = note: this error originates in the macro `assert_eq` (in Nightly builds, run with -Z macro-backtrace for more info)
help: consider importing this function
    |
902 +     use kani::assert;
    |

error[E0425]: cannot find function `assert` in module `kani`
   --> crates/elicitation/src/verification/mod.rs:938:9
    |
938 |         assert!(verifier.check_precondition(&input));
    |         ^^^^^^^^^^^^^^^^^^^^^^^^^^^^^^^^^^^^^^^^^^^^ not found in `kani`
    |
    = note: this error originates in the macro `assert` (in Nightly builds, run with -Z macro-backtrace for more info)
help: consider importing this function
    |
902 +     use kani::assert;
    |

error[E0425]: cannot find function `assert` in module `kani`
   --> crates/elicitation/src/verification/mod.rs:939:9
    |
939 |         assert!(verifier.check_postcondition(&input, &input));
    |         ^^^^^^^^^^^^^^^^^^^^^^^^^^^^^^^^^^^^^^^^^^^^^^^^^^^^^ not found in `kani`
    |
    = note: this error originates in the macro `assert` (in Nightly builds, run with -Z macro-backtrace for more info)
help: consider importing this function
    |
902 +     use kani::assert;
    |

error[E0425]: cannot find function `assert` in module `kani`
   --> crates/elicitation/src/verification/mod.rs:940:9
    |
940 |         assert!(verifier.check_invariant());
    |         ^^^^^^^^^^^^^^^^^^^^^^^^^^^^^^^^^^^ not found in `kani`
    |
    = note: this error originates in the macro `assert` (in Nightly builds, run with -Z macro-backtrace for more info)
help: consider importing this function
    |
902 +     use kani::assert;
    |

error[E0425]: cannot find function `assert` in module `kani`
   --> crates/elicitation/src/verification/mod.rs:943:9
    |
943 |         assert!(result.is_ok());
    |         ^^^^^^^^^^^^^^^^^^^^^^^ not found in `kani`
    |
    = note: this error originates in the macro `assert` (in Nightly builds, run with -Z macro-backtrace for more info)
help: consider importing this function
    |
902 +     use kani::assert;
    |

error[E0425]: cannot find function `assert` in module `kani`
   --> crates/elicitation/src/verification/mod.rs:944:9
    |
944 |         assert_eq!(result.unwrap(), true);
    |         ^^^^^^^^^^^^^^^^^^^^^^^^^^^^^^^^^ not found in `kani`
    |
    = note: this error originates in the macro `assert_eq` (in Nightly builds, run with -Z macro-backtrace for more info)
help: consider importing this function
    |
902 +     use kani::assert;
    |

error[E0425]: cannot find function `assert` in module `kani`
   --> crates/elicitation/src/verification/mod.rs:952:9
    |
952 |         assert!(!verifier.check_precondition(&input));
    |         ^^^^^^^^^^^^^^^^^^^^^^^^^^^^^^^^^^^^^^^^^^^^^ not found in `kani`
    |
    = note: this error originates in the macro `assert` (in Nightly builds, run with -Z macro-backtrace for more info)
help: consider importing this function
    |
902 +     use kani::assert;
    |

error[E0425]: cannot find function `assert` in module `kani`
   --> crates/elicitation/src/verification/mod.rs:955:9
    |
955 |         assert!(result.is_err());
    |         ^^^^^^^^^^^^^^^^^^^^^^^^ not found in `kani`
    |
    = note: this error originates in the macro `assert` (in Nightly builds, run with -Z macro-backtrace for more info)
help: consider importing this function
    |
902 +     use kani::assert;
    |

error[E0425]: cannot find function `assert` in module `kani`
   --> crates/elicitation/src/verification/mod.rs:956:9
    |
956 |         assert_eq!(result.unwrap_err(), "Precondition failed");
    |         ^^^^^^^^^^^^^^^^^^^^^^^^^^^^^^^^^^^^^^^^^^^^^^^^^^^^^^ not found in `kani`
    |
    = note: this error originates in the macro `assert_eq` (in Nightly builds, run with -Z macro-backtrace for more info)
help: consider importing this function
    |
902 +     use kani::assert;
    |

error[E0425]: cannot find function `assert` in module `kani`
   --> crates/elicitation/src/verification/mod.rs:966:9
    |
966 |         assert!(result.is_err());
    |         ^^^^^^^^^^^^^^^^^^^^^^^^ not found in `kani`
    |
    = note: this error originates in the macro `assert` (in Nightly builds, run with -Z macro-backtrace for more info)
help: consider importing this function
    |
902 +     use kani::assert;
    |

error[E0425]: cannot find function `assert` in module `kani`
   --> crates/elicitation/src/verification/mod.rs:967:9
    |
967 |         assert_eq!(result.unwrap_err(), "Postcondition failed");
    |         ^^^^^^^^^^^^^^^^^^^^^^^^^^^^^^^^^^^^^^^^^^^^^^^^^^^^^^^ not found in `kani`
    |
    = note: this error originates in the macro `assert_eq` (in Nightly builds, run with -Z macro-backtrace for more info)
help: consider importing this function
    |
902 +     use kani::assert;
    |

error[E0425]: cannot find function `assert` in module `kani`
   --> crates/elicitation/src/verification/mod.rs:988:9
    |
988 |         assert!(I32Positive::requires(&42));
    |         ^^^^^^^^^^^^^^^^^^^^^^^^^^^^^^^^^^^ not found in `kani`
    |
    = note: this error originates in the macro `assert` (in Nightly builds, run with -Z macro-backtrace for more info)
help: consider importing this function
    |
902 +     use kani::assert;
    |

error[E0425]: cannot find function `assert` in module `kani`
   --> crates/elicitation/src/verification/mod.rs:989:9
    |
989 |         assert!(!I32Positive::requires(&-1));
    |         ^^^^^^^^^^^^^^^^^^^^^^^^^^^^^^^^^^^^ not found in `kani`
    |
    = note: this error originates in the macro `assert` (in Nightly builds, run with -Z macro-backtrace for more info)
help: consider importing this function
    |
902 +     use kani::assert;
    |

error[E0425]: cannot find function `assert` in module `kani`
    --> crates/elicitation/src/verification/mod.rs:1039:9
     |
1039 |         assert!(AndContract::<I32Positive, I32NonNegative>::requires(&42));
     |         ^^^^^^^^^^^^^^^^^^^^^^^^^^^^^^^^^^^^^^^^^^^^^^^^^^^^^^^^^^^^^^^^^^ not found in `kani`
     |
     = note: this error originates in the macro `assert` (in Nightly builds, run with -Z macro-backtrace for more info)
help: consider importing this function
     |
 902 +     use kani::assert;
     |

error[E0425]: cannot find function `assert` in module `kani`
    --> crates/elicitation/src/verification/mod.rs:1040:9
     |
1040 |         assert!(AndContract::<I32Positive, I32NonNegative>::ensures(&42, &42));
     |         ^^^^^^^^^^^^^^^^^^^^^^^^^^^^^^^^^^^^^^^^^^^^^^^^^^^^^^^^^^^^^^^^^^^^^^ not found in `kani`
     |
     = note: this error originates in the macro `assert` (in Nightly builds, run with -Z macro-backtrace for more info)
help: consider importing this function
     |
 902 +     use kani::assert;
     |

error[E0425]: cannot find function `assert` in module `kani`
    --> crates/elicitation/src/verification/mod.rs:1049:9
     |
1049 |         assert!(!AndContract::<I32Positive, I32NonNegative>::requires(&0));
     |         ^^^^^^^^^^^^^^^^^^^^^^^^^^^^^^^^^^^^^^^^^^^^^^^^^^^^^^^^^^^^^^^^^^ not found in `kani`
     |
     = note: this error originates in the macro `assert` (in Nightly builds, run with -Z macro-backtrace for more info)
help: consider importing this function
     |
 902 +     use kani::assert;
     |

error[E0425]: cannot find function `assert` in module `kani`
    --> crates/elicitation/src/verification/mod.rs:1052:9
     |
1052 |         assert!(!AndContract::<I32Positive, I32NonNegative>::requires(&-1));
     |         ^^^^^^^^^^^^^^^^^^^^^^^^^^^^^^^^^^^^^^^^^^^^^^^^^^^^^^^^^^^^^^^^^^^ not found in `kani`
     |
     = note: this error originates in the macro `assert` (in Nightly builds, run with -Z macro-backtrace for more info)
help: consider importing this function
     |
 902 +     use kani::assert;
     |

error[E0425]: cannot find function `assert` in module `kani`
    --> crates/elicitation/src/verification/mod.rs:1061:9
     |
1061 |         assert!(OrContract::<I32Positive, I32NonNegative>::requires(&42));
     |         ^^^^^^^^^^^^^^^^^^^^^^^^^^^^^^^^^^^^^^^^^^^^^^^^^^^^^^^^^^^^^^^^^ not found in `kani`
     |
     = note: this error originates in the macro `assert` (in Nightly builds, run with -Z macro-backtrace for more info)
help: consider importing this function
     |
 902 +     use kani::assert;
     |

error[E0425]: cannot find function `assert` in module `kani`
    --> crates/elicitation/src/verification/mod.rs:1064:9
     |
1064 |         assert!(OrContract::<I32Positive, I32NonNegative>::requires(&0));
     |         ^^^^^^^^^^^^^^^^^^^^^^^^^^^^^^^^^^^^^^^^^^^^^^^^^^^^^^^^^^^^^^^^ not found in `kani`
     |
     = note: this error originates in the macro `assert` (in Nightly builds, run with -Z macro-backtrace for more info)
help: consider importing this function
     |
 902 +     use kani::assert;
     |

error[E0425]: cannot find function `assert` in module `kani`
    --> crates/elicitation/src/verification/mod.rs:1067:9
     |
1067 |         assert!(!OrContract::<I32Positive, I32NonNegative>::requires(&-1));
     |         ^^^^^^^^^^^^^^^^^^^^^^^^^^^^^^^^^^^^^^^^^^^^^^^^^^^^^^^^^^^^^^^^^^ not found in `kani`
     |
     = note: this error originates in the macro `assert` (in Nightly builds, run with -Z macro-backtrace for more info)
help: consider importing this function
     |
 902 +     use kani::assert;
     |

error[E0425]: cannot find function `assert` in module `kani`
    --> crates/elicitation/src/verification/mod.rs:1076:9
     |
1076 |         assert!(I32Positive::requires(&42));
     |         ^^^^^^^^^^^^^^^^^^^^^^^^^^^^^^^^^^^ not found in `kani`
     |
     = note: this error originates in the macro `assert` (in Nightly builds, run with -Z macro-backtrace for more info)
help: consider importing this function
     |
 902 +     use kani::assert;
     |

error[E0425]: cannot find function `assert` in module `kani`
    --> crates/elicitation/src/verification/mod.rs:1079:9
     |
1079 |         assert!(!NotContract::<I32Positive>::requires(&42));
     |         ^^^^^^^^^^^^^^^^^^^^^^^^^^^^^^^^^^^^^^^^^^^^^^^^^^^ not found in `kani`
     |
     = note: this error originates in the macro `assert` (in Nightly builds, run with -Z macro-backtrace for more info)
help: consider importing this function
     |
 902 +     use kani::assert;
     |

error[E0425]: cannot find function `assert` in module `kani`
    --> crates/elicitation/src/verification/mod.rs:1082:9
     |
1082 |         assert!(!I32Positive::requires(&-1));
     |         ^^^^^^^^^^^^^^^^^^^^^^^^^^^^^^^^^^^^ not found in `kani`
     |
     = note: this error originates in the macro `assert` (in Nightly builds, run with -Z macro-backtrace for more info)
help: consider importing this function
     |
 902 +     use kani::assert;
     |

error[E0425]: cannot find function `assert` in module `kani`
    --> crates/elicitation/src/verification/mod.rs:1085:9
     |
1085 |         assert!(NotContract::<I32Positive>::requires(&-1));
     |         ^^^^^^^^^^^^^^^^^^^^^^^^^^^^^^^^^^^^^^^^^^^^^^^^^^ not found in `kani`
     |
     = note: this error originates in the macro `assert` (in Nightly builds, run with -Z macro-backtrace for more info)
help: consider importing this function
     |
 902 +     use kani::assert;
     |

error[E0425]: cannot find function `assert` in module `kani`
    --> crates/elicitation/src/verification/mod.rs:1097:9
     |
1097 |         assert!(AndContract::<StringNonEmpty, StringMaxLength<10>>::requires(&"hello".to_string()));
     |         ^^^^^^^^^^^^^^^^^^^^^^^^^^^^^^^^^^^^^^^^^^^^^^^^^^^^^^^^^^^^^^^^^^^^^^^^^^^^^^^^^^^^^^^^^^^ not found in `kani`
     |
     = note: this error originates in the macro `assert` (in Nightly builds, run with -Z macro-backtrace for more info)
help: consider importing this function
     |
 902 +     use kani::assert;
     |

error[E0425]: cannot find function `assert` in module `kani`
    --> crates/elicitation/src/verification/mod.rs:1100:9
     |
1100 |         assert!(!AndContract::<StringNonEmpty, StringMaxLength<10>>::requires(&"".to_string()));
     |         ^^^^^^^^^^^^^^^^^^^^^^^^^^^^^^^^^^^^^^^^^^^^^^^^^^^^^^^^^^^^^^^^^^^^^^^^^^^^^^^^^^^^^^^ not found in `kani`
     |
     = note: this error originates in the macro `assert` (in Nightly builds, run with -Z macro-backtrace for more info)
help: consider importing this function
     |
 902 +     use kani::assert;
     |

error[E0425]: cannot find function `assert` in module `kani`
    --> crates/elicitation/src/verification/mod.rs:1103:9
     |
1103 |         assert!(!AndContract::<StringNonEmpty, StringMaxLength<10>>::requires(&"12345678901".to_string()));
     |         ^^^^^^^^^^^^^^^^^^^^^^^^^^^^^^^^^^^^^^^^^^^^^^^^^^^^^^^^^^^^^^^^^^^^^^^^^^^^^^^^^^^^^^^^^^^^^^^^^^ not found in `kani`
     |
     = note: this error originates in the macro `assert` (in Nightly builds, run with -Z macro-backtrace for more info)
help: consider importing this function
     |
 902 +     use kani::assert;
     |

error[E0425]: cannot find function `assert` in module `kani`
    --> crates/elicitation/src/verification/mod.rs:1113:9
     |
1113 |         assert!(AndContract::<I32Positive, I32NonNegative>::requires(&42));
     |         ^^^^^^^^^^^^^^^^^^^^^^^^^^^^^^^^^^^^^^^^^^^^^^^^^^^^^^^^^^^^^^^^^^ not found in `kani`
     |
     = note: this error originates in the macro `assert` (in Nightly builds, run with -Z macro-backtrace for more info)
help: consider importing this function
     |
 902 +     use kani::assert;
     |

error[E0425]: cannot find function `assert` in module `kani`
    --> crates/elicitation/src/verification/mod.rs:1116:9
     |
1116 |         assert!(OrContract::<I32Positive, I32NonNegative>::requires(&0));
     |         ^^^^^^^^^^^^^^^^^^^^^^^^^^^^^^^^^^^^^^^^^^^^^^^^^^^^^^^^^^^^^^^^ not found in `kani`
     |
     = note: this error originates in the macro `assert` (in Nightly builds, run with -Z macro-backtrace for more info)
help: consider importing this function
     |
 902 +     use kani::assert;
     |

error[E0425]: cannot find function `assert` in module `kani`
    --> crates/elicitation/src/verification/mod.rs:1119:9
     |
1119 |         assert!(NotContract::<I32Positive>::requires(&-1));
     |         ^^^^^^^^^^^^^^^^^^^^^^^^^^^^^^^^^^^^^^^^^^^^^^^^^^ not found in `kani`
     |
     = note: this error originates in the macro `assert` (in Nightly builds, run with -Z macro-backtrace for more info)
help: consider importing this function
     |
 902 +     use kani::assert;
     |

error[E0425]: cannot find function `assert` in module `kani`
    --> crates/elicitation/src/verification/mod.rs:1138:9
     |
1138 |         assert!(OrContract::<AndContract<I32Positive, I32NonNegative>, NotContract<I32Positive>>::requires(&42));
     |         ^^^^^^^^^^^^^^^^^^^^^^^^^^^^^^^^^^^^^^^^^^^^^^^^^^^^^^^^^^^^^^^^^^^^^^^^^^^^^^^^^^^^^^^^^^^^^^^^^^^^^^^^ not found in `kani`
     |
     = note: this error originates in the macro `assert` (in Nightly builds, run with -Z macro-backtrace for more info)
help: consider importing this function
     |
 902 +     use kani::assert;
     |

error[E0425]: cannot find function `assert` in module `kani`
    --> crates/elicitation/src/verification/mod.rs:1139:9
     |
1139 |         assert!(OrContract::<AndContract<I32Positive, I32NonNegative>, NotContract<I32Positive>>::requires(&0));
     |         ^^^^^^^^^^^^^^^^^^^^^^^^^^^^^^^^^^^^^^^^^^^^^^^^^^^^^^^^^^^^^^^^^^^^^^^^^^^^^^^^^^^^^^^^^^^^^^^^^^^^^^^ not found in `kani`
     |
     = note: this error originates in the macro `assert` (in Nightly builds, run with -Z macro-backtrace for more info)
help: consider importing this function
     |
 902 +     use kani::assert;
     |

error[E0425]: cannot find function `assert` in module `kani`
    --> crates/elicitation/src/verification/mod.rs:1140:9
     |
1140 |         assert!(OrContract::<AndContract<I32Positive, I32NonNegative>, NotContract<I32Positive>>::requires(&-1));
     |         ^^^^^^^^^^^^^^^^^^^^^^^^^^^^^^^^^^^^^^^^^^^^^^^^^^^^^^^^^^^^^^^^^^^^^^^^^^^^^^^^^^^^^^^^^^^^^^^^^^^^^^^^ not found in `kani`
     |
     = note: this error originates in the macro `assert` (in Nightly builds, run with -Z macro-backtrace for more info)
help: consider importing this function
     |
 902 +     use kani::assert;
     |

error[E0425]: cannot find function `assert` in module `kani`
    --> crates/elicitation/src/verification/mod.rs:1148:9
     |
1148 |         assert!(contract.invariant()); // Max length is positive
     |         ^^^^^^^^^^^^^^^^^^^^^^^^^^^^^ not found in `kani`
     |
     = note: this error originates in the macro `assert` (in Nightly builds, run with -Z macro-backtrace for more info)
help: consider importing this function
     |
 902 +     use kani::assert;
     |

error[E0425]: cannot find function `assert` in module `kani`
    --> crates/elicitation/src/verification/mod.rs:1151:9
     |
1151 |         assert!(!invalid.invariant()); // Max length is 0 (invalid)
     |         ^^^^^^^^^^^^^^^^^^^^^^^^^^^^^ not found in `kani`
     |
     = note: this error originates in the macro `assert` (in Nightly builds, run with -Z macro-backtrace for more info)
help: consider importing this function
     |
 902 +     use kani::assert;
     |

warning: unused import: `elicitation_macros::instrumented_impl`
 --> crates/elicitation/src/verification/types/uuids.rs:9:5
  |
9 | use elicitation_macros::instrumented_impl;
  |     ^^^^^^^^^^^^^^^^^^^^^^^^^^^^^^^^^^^^^
  |
  = note: `#[warn(unused_imports)]` (part of `#[warn(unused)]`) on by default

warning: unused import: `std::fs`
   --> crates/elicitation/src/verification/types/pathbufs.rs:261:9
    |
261 |     use std::fs;
    |         ^^^^^^^

warning: unused import: `elicitation_macros::instrumented_impl`
 --> crates/elicitation/src/verification/types/datetimes.rs:9:5
  |
9 | use elicitation_macros::instrumented_impl;
  |     ^^^^^^^^^^^^^^^^^^^^^^^^^^^^^^^^^^^^^

warning: unused import: `elicitation_macros::instrumented_impl`
 --> crates/elicitation/src/verification/types/collections.rs:8:5
  |
8 | use elicitation_macros::instrumented_impl;
  |     ^^^^^^^^^^^^^^^^^^^^^^^^^^^^^^^^^^^^^

warning: unused import: `elicitation_macros::instrumented_impl`
 --> crates/elicitation/src/verification/types/values.rs:9:5
  |
9 | use elicitation_macros::instrumented_impl;
  |     ^^^^^^^^^^^^^^^^^^^^^^^^^^^^^^^^^^^^^

warning: unused imports: `U16Positive` and `U8Positive`
 --> crates/elicitation/src/verification/types/kani_proofs/integers.rs:4:17
  |
4 |     I8Positive, U8Positive, I16Positive, U16Positive,
  |                 ^^^^^^^^^^               ^^^^^^^^^^^

warning: unused imports: `F32NonNegative`, `F32Positive`, and `F64NonNegative`
 --> crates/elicitation/src/verification/types/kani_proofs/floats.rs:3:37
  |
3 | use crate::{F32Finite, F64Positive, F32Positive, F32NonNegative, F64NonNegative};
  |                                     ^^^^^^^^^^^  ^^^^^^^^^^^^^^  ^^^^^^^^^^^^^^

warning: unused import: `CharAlphanumeric`
 --> crates/elicitation/src/verification/types/kani_proofs/chars.rs:3:29
  |
3 | use crate::{CharAlphabetic, CharAlphanumeric, CharNumeric};
  |                             ^^^^^^^^^^^^^^^^

warning: unused import: `DurationNonZero`
 --> crates/elicitation/src/verification/types/kani_proofs/durations.rs:5:5
  |
5 |     DurationNonZero,
  |     ^^^^^^^^^^^^^^^

warning: unused import: `std::time::Duration`
  --> crates/elicitation/src/verification/types/kani_proofs/durations.rs:14:5
   |
14 | use std::time::Duration;
   |     ^^^^^^^^^^^^^^^^^^^

warning: unused imports: `IpAddr`, `Ipv4Addr`, and `Ipv6Addr`
 --> crates/elicitation/src/verification/types/kani_proofs/networks.rs:8:16
  |
8 | use std::net::{IpAddr, Ipv4Addr, Ipv6Addr};
  |                ^^^^^^  ^^^^^^^^  ^^^^^^^^

warning: unused import: `std::path::PathBuf`
 --> crates/elicitation/src/verification/types/kani_proofs/networks.rs:9:5
  |
9 | use std::path::PathBuf;
  |     ^^^^^^^^^^^^^^^^^^

warning: unused imports: `BTreeMap`, `BTreeSet`, `HashMap`, `HashSet`, and `LinkedList`
 --> crates/elicitation/src/verification/types/kani_proofs/collections.rs:6:24
  |
6 | use std::collections::{HashMap, HashSet, BTreeMap, BTreeSet, LinkedList};
  |                        ^^^^^^^  ^^^^^^^  ^^^^^^^^  ^^^^^^^^  ^^^^^^^^^^

warning: unused import: `std::sync::Arc`
 --> crates/elicitation/src/verification/types/kani_proofs/collections.rs:7:5
  |
7 | use std::sync::Arc;
  |     ^^^^^^^^^^^^^^

warning: unused imports: `AffirmReturnsBoolean`, `InputNonEmpty`, and `SurveyReturnsValidVariant`
 --> crates/elicitation/src/verification/types/kani_proofs/mechanisms.rs:6:25
  |
6 | use crate::{I8Positive, SurveyReturnsValidVariant, AffirmReturnsBoolean, InputNonEmpty};
  |                         ^^^^^^^^^^^^^^^^^^^^^^^^^  ^^^^^^^^^^^^^^^^^^^^  ^^^^^^^^^^^^^

For more information about this error, try `rustc --explain E0425`.
error: could not compile `elicitation` (lib test) due to 44 previous errors; 15 warnings emitted
error: Failed to execute cargo (exit status: 101). Found 44 compilation errors.
